<?xml version="1.0" encoding="UTF-8"?>
<!-- Generated by org.testng.reporters.JUnitReportReporter -->
<testsuite hostname="DESKTOP-LJHCH0N" failures="0" tests="1" name="day1.TC02" time="1.649" errors="0" timestamp="2024-11-14T22:22:58 IST" skipped="0">
  <testcase classname="day1.TC02" name="test" time="1.649"/>
</testsuite> <!-- day1.TC02 -->
