<?xml version="1.0" encoding="UTF-8"?>
<!-- Generated by org.testng.reporters.JUnitReportReporter -->
<testsuite hostname="DESKTOP-LJHCH0N" failures="0" tests="1" name="day1.TC01" time="3.187" errors="0" timestamp="2024-11-14T22:22:58 IST" skipped="0">
  <testcase classname="day1.TC01" name="test" time="3.187"/>
</testsuite> <!-- day1.TC01 -->
